Using pre-set license
Built from '2020.3/staging' branch; Version is '2020.3.23f1 (c5d91304a876) revision 12966163'; Using compiler version '192528614'; Build Type 'Release'
OS: 'Windows 10 Pro; OS build 19043.1526; Version 2009; 64bit' Language: 'en' Physical Memory: 32471 MB
BatchMode: 1, IsHumanControllingUs: 0, StartBugReporterOnCrash: 0, Is64bit: 1, IsPro: 0

COMMAND LINE ARGUMENTS:
C:\Program Files\Unity\Hub\Editor\2020.3.23f1\Editor\Unity.exe
-adb2
-batchMode
-noUpm
-name
AssetImportWorker0
-projectPath
D:/Projects/SpaceWizards
-logFile
Logs/AssetImportWorker0.log
-srvPort
61192
Successfully changed project path to: D:/Projects/SpaceWizards
D:/Projects/SpaceWizards
Using Asset Import Pipeline V2.
Refreshing native plugins compatible for Editor in 63.80 ms, found 6 plugins.
Preloading 1 native plugins for Editor in 0.72 ms.
Initialize engine version: 2020.3.23f1 (c5d91304a876)
[Subsystems] Discovering subsystems at path C:/Program Files/Unity/Hub/Editor/2020.3.23f1/Editor/Data/Resources/UnitySubsystems
[Subsystems] Discovering subsystems at path D:/Projects/SpaceWizards/Assets
GfxDevice: creating device client; threaded=0
Direct3D:
    Version:  Direct3D 11.0 [level 11.1]
    Renderer: NVIDIA RTX A3000 Laptop GPU (ID=0x24b8)
    Vendor:   
    VRAM:     6016 MB
    Driver:   30.0.14.7276
Initialize mono
Mono path[0] = 'C:/Program Files/Unity/Hub/Editor/2020.3.23f1/Editor/Data/Managed'
Mono path[1] = 'C:/Program Files/Unity/Hub/Editor/2020.3.23f1/Editor/Data/MonoBleedingEdge/lib/mono/unityjit'
Mono config path = 'C:/Program Files/Unity/Hub/Editor/2020.3.23f1/Editor/Data/MonoBleedingEdge/etc'
Using monoOptions --debugger-agent=transport=dt_socket,embedding=1,server=y,suspend=n,address=127.0.0.1:56460
Begin MonoManager ReloadAssembly
Registering precompiled unity dll's ...
Register platform support module: C:/Program Files/Unity/Hub/Editor/2020.3.23f1/Editor/Data/PlaybackEngines/WebGLSupport/UnityEditor.WebGL.Extensions.dll
Register platform support module: C:/Program Files/Unity/Hub/Editor/2020.3.23f1/Editor/Data/PlaybackEngines/MacStandaloneSupport/UnityEditor.OSXStandalone.Extensions.dll
Register platform support module: C:/Program Files/Unity/Hub/Editor/2020.3.23f1/Editor/Data/PlaybackEngines/WindowsStandaloneSupport/UnityEditor.WindowsStandalone.Extensions.dll
Register platform support module: C:/Program Files/Unity/Hub/Editor/2020.3.23f1/Editor/Data/PlaybackEngines/LinuxStandaloneSupport/UnityEditor.LinuxStandalone.Extensions.dll
Registered in 0.002459 seconds.
Native extension for LinuxStandalone target not found
Native extension for WindowsStandalone target not found
Native extension for OSXStandalone target not found
Native extension for WebGL target not found
Refreshing native plugins compatible for Editor in 58.87 ms, found 6 plugins.
Preloading 1 native plugins for Editor in 0.04 ms.
Mono: successfully reloaded assembly
- Completed reload, in  0.426 seconds
Domain Reload Profiling:
	ReloadAssembly (426ms)
		BeginReloadAssembly (35ms)
			ExecutionOrderSort (0ms)
			DisableScriptedObjects (0ms)
			BackupInstance (0ms)
			ReleaseScriptingObjects (0ms)
			CreateAndSetChildDomain (1ms)
		EndReloadAssembly (342ms)
			LoadAssemblies (34ms)
			RebuildTransferFunctionScriptingTraits (0ms)
			SetupTypeCache (93ms)
			ReleaseScriptCaches (0ms)
			RebuildScriptCaches (20ms)
			SetupLoadedEditorAssemblies (144ms)
				LogAssemblyErrors (0ms)
				InitializePlatformSupportModulesInManaged (5ms)
				SetLoadedEditorAssemblies (0ms)
				RefreshPlugins (59ms)
				BeforeProcessingInitializeOnLoad (9ms)
				ProcessInitializeOnLoadAttributes (55ms)
				ProcessInitializeOnLoadMethodAttributes (16ms)
				AfterProcessingInitializeOnLoad (0ms)
				EditorAssembliesLoaded (0ms)
			ExecutionOrderSort2 (0ms)
			AwakeInstancesAfterBackupRestoration (0ms)
Platform modules already initialized, skipping
Registering precompiled user dll's ...
Registered in 0.003635 seconds.
Begin MonoManager ReloadAssembly
Native extension for LinuxStandalone target not found
Native extension for WindowsStandalone target not found
Native extension for OSXStandalone target not found
Native extension for WebGL target not found
Refreshing native plugins compatible for Editor in 59.58 ms, found 6 plugins.
Preloading 1 native plugins for Editor in 0.04 ms.
[XR] OculusXRPlugin: registering subsystems
[XR] Unable to register display lifecyle provider: [1]
[XR] Oculus Input lifecycle provider registered.
[XR] Unable to register input lifecyle provider: [1]
System.Reflection.TargetInvocationException: Exception has been thrown by the target of an invocation. ---> System.NullReferenceException: Object reference not set to an instance of an object
  at Unity.XR.Oculus.OculusLoader.AssetPathToAbsolutePath (System.String assetPath) [0x00048] in D:\Projects\SpaceWizards\Library\PackageCache\com.unity.xr.oculus@1.11.2\Runtime\OculusLoader.cs:250 
  at Unity.XR.Oculus.OculusLoader.EditorLoadOVRPlugin () [0x0007b] in D:\Projects\SpaceWizards\Library\PackageCache\com.unity.xr.oculus@1.11.2\Runtime\OculusLoader.cs:235 
  at (wrapper managed-to-native) System.Reflection.MonoMethod.InternalInvoke(System.Reflection.MonoMethod,object,object[],System.Exception&)
  at System.Reflection.MonoMethod.Invoke (System.Object obj, System.Reflection.BindingFlags invokeAttr, System.Reflection.Binder binder, System.Object[] parameters, System.Globalization.CultureInfo culture) [0x00032] in <695d1cc93cca45069c528c15c9fdd749>:0 
   --- End of inner exception stack trace ---
  at System.Reflection.MonoMethod.Invoke (System.Object obj, System.Reflection.BindingFlags invokeAttr, System.Reflection.Binder binder, System.Object[] parameters, System.Globalization.CultureInfo culture) [0x00048] in <695d1cc93cca45069c528c15c9fdd749>:0 
  at System.Reflection.MethodBase.Invoke (System.Object obj, System.Object[] parameters) [0x00000] in <695d1cc93cca45069c528c15c9fdd749>:0 
  at UnityEditor.EditorAssemblies.ProcessInitializeOnLoadMethodAttributes () [0x00047] in <ad50112e30b445fdbf80d5814c3cbcf6>:0 
UnityEngine.StackTraceUtility:ExtractStackTrace ()
UnityEngine.DebugLogHandler:LogFormat (UnityEngine.LogType,UnityEngine.Object,string,object[])
UnityEngine.Logger:Log (UnityEngine.LogType,object)
UnityEngine.Debug:LogError (object)
UnityEditor.EditorAssemblies:ProcessInitializeOnLoadMethodAttributes ()

Mono: successfully reloaded assembly
- Completed reload, in  0.867 seconds
Domain Reload Profiling:
	ReloadAssembly (867ms)
		BeginReloadAssembly (89ms)
			ExecutionOrderSort (0ms)
			DisableScriptedObjects (3ms)
			BackupInstance (0ms)
			ReleaseScriptingObjects (0ms)
			CreateAndSetChildDomain (14ms)
		EndReloadAssembly (735ms)
			LoadAssemblies (63ms)
			RebuildTransferFunctionScriptingTraits (0ms)
			SetupTypeCache (225ms)
			ReleaseScriptCaches (1ms)
			RebuildScriptCaches (39ms)
			SetupLoadedEditorAssemblies (325ms)
				LogAssemblyErrors (0ms)
				InitializePlatformSupportModulesInManaged (5ms)
				SetLoadedEditorAssemblies (0ms)
				RefreshPlugins (60ms)
				BeforeProcessingInitializeOnLoad (68ms)
				ProcessInitializeOnLoadAttributes (174ms)
				ProcessInitializeOnLoadMethodAttributes (14ms)
				AfterProcessingInitializeOnLoad (4ms)
				EditorAssembliesLoaded (0ms)
			ExecutionOrderSort2 (0ms)
			AwakeInstancesAfterBackupRestoration (3ms)
Platform modules already initialized, skipping
========================================================================
Worker process is ready to serve import requests
Launched and connected shader compiler UnityShaderCompiler.exe after 0.04 seconds
Refreshing native plugins compatible for Editor in 1.11 ms, found 6 plugins.
Preloading 1 native plugins for Editor in 0.06 ms.
Unloading 3611 Unused Serialized files (Serialized files now loaded: 0)
System memory in use before: 161.3 MB.
System memory in use after: 161.6 MB.

Unloading 36 unused Assets to reduce memory usage. Loaded Objects now: 4083.
Total: 3.187300 ms (FindLiveObjects: 0.312300 ms CreateObjectMapping: 0.108700 ms MarkObjects: 2.674800 ms  DeleteObjects: 0.090500 ms)

AssetImportParameters requested are different than current active one (requested -> active):
  custom:framework-win-MediaFoundation: 216162199b28c13a410421893ffa2e32 -> 
  custom:video-decoder-ogg-theora: a1e56fd34408186e4bbccfd4996cb3dc -> 
  custom:container-muxer-webm: aa71ff27fc2769a1b78a27578f13a17b -> 
  custom:container-demuxer-webm: 4f35f7cbe854078d1ac9338744f61a02 -> 
  custom:container-demuxer-ogg: 62fdf1f143b41e24485cea50d1cbac27 -> 
  custom:video-encoder-webm-vp8: eb34c28f22e8b96e1ab97ce403110664 -> 
  custom:video-codec-MediaFoundation-h265: 746d11721c4dcdbdad8f713fa42b33f4 -> 
  custom:video-decoder-webm-vp8: 9c59270c3fd7afecdb556c50c9e8de78 -> 
  custom:audio-decoder-ogg-vorbis: bf7c407c2cedff20999df2af8eb42d56 -> 
  custom:audio-encoder-webm-vorbis: bf7c407c2cedff20999df2af8eb42d56 -> 
========================================================================
Received Import Request.
  path: Assets/PolygonSciFiSpace
  artifactKey: Guid(47664deb105b2ee4bb25d82df613045e) Importer(815301076,1909f56bfc062723c751e8b465ee728b)
Start importing Assets/PolygonSciFiSpace using Guid(47664deb105b2ee4bb25d82df613045e) Importer(815301076,1909f56bfc062723c751e8b465ee728b)  -> (artifact id: '4f62a20c95edf0589ddcc3f2ba0b7eda') in 0.010040 seconds 
  Import took 0.014575 seconds .

========================================================================
Received Import Request.
  Time since last request: 563.029978 seconds.
  path: Assets/PolygonSciFiSpace/Prefabs/Signs/SM_Sign_Hangar_01.prefab
  artifactKey: Guid(4ab90d6b7d7a96f46b9a452d69d4ae81) Importer(815301076,1909f56bfc062723c751e8b465ee728b)
Start importing Assets/PolygonSciFiSpace/Prefabs/Signs/SM_Sign_Hangar_01.prefab using Guid(4ab90d6b7d7a96f46b9a452d69d4ae81) Importer(815301076,1909f56bfc062723c751e8b465ee728b)  -> (artifact id: '31214dd344f9feead3c047f12c4544a0') in 0.185265 seconds 
  Import took 0.190904 seconds .

========================================================================
Received Import Request.
  Time since last request: 7.814744 seconds.
  path: Assets/PolygonSciFiSpace/Prefabs/Signs/SM_SignBorder_Arrow_01.prefab
  artifactKey: Guid(50246832d70af1b448fe3c5056325f03) Importer(815301076,1909f56bfc062723c751e8b465ee728b)
Start importing Assets/PolygonSciFiSpace/Prefabs/Signs/SM_SignBorder_Arrow_01.prefab using Guid(50246832d70af1b448fe3c5056325f03) Importer(815301076,1909f56bfc062723c751e8b465ee728b)  -> (artifact id: '679618167519dc5f22912ec5bb764ce7') in 0.028458 seconds 
  Import took 0.033578 seconds .

========================================================================
Received Import Request.
  Time since last request: 0.851521 seconds.
  path: Assets/PolygonSciFiSpace/Prefabs/Signs/SM_SignBorder_Cog_01.prefab
  artifactKey: Guid(207c4df47bbdb954c96147f7a5c1783a) Importer(815301076,1909f56bfc062723c751e8b465ee728b)
Start importing Assets/PolygonSciFiSpace/Prefabs/Signs/SM_SignBorder_Cog_01.prefab using Guid(207c4df47bbdb954c96147f7a5c1783a) Importer(815301076,1909f56bfc062723c751e8b465ee728b)  -> (artifact id: 'cf5324e0442d14064b49b1bc6be344e8') in 0.027726 seconds 
  Import took 0.032646 seconds .

========================================================================
Received Import Request.
  Time since last request: 1.659957 seconds.
  path: Assets/PolygonSciFiSpace/Prefabs/Signs/SM_SignBorder_Communication_01.prefab
  artifactKey: Guid(bf5259a560d5b93499f5148aee8eafb4) Importer(815301076,1909f56bfc062723c751e8b465ee728b)
Start importing Assets/PolygonSciFiSpace/Prefabs/Signs/SM_SignBorder_Communication_01.prefab using Guid(bf5259a560d5b93499f5148aee8eafb4) Importer(815301076,1909f56bfc062723c751e8b465ee728b)  -> (artifact id: 'f57bd781ccc1fce73097de58f1e333b0') in 0.033300 seconds 
  Import took 0.038828 seconds .

========================================================================
Received Import Request.
  Time since last request: 3.265323 seconds.
  path: Assets/PolygonSciFiSpace/Prefabs/Signs/SM_SignBorder_Plant_01.prefab
  artifactKey: Guid(11ed7aab183100045b85fe59b9b59493) Importer(815301076,1909f56bfc062723c751e8b465ee728b)
Start importing Assets/PolygonSciFiSpace/Prefabs/Signs/SM_SignBorder_Plant_01.prefab using Guid(11ed7aab183100045b85fe59b9b59493) Importer(815301076,1909f56bfc062723c751e8b465ee728b)  -> (artifact id: '60ade8b7dd66c40e1403032ad23bb4e9') in 0.026328 seconds 
  Import took 0.030893 seconds .

========================================================================
Received Import Request.
  Time since last request: 2.157318 seconds.
  path: Assets/PolygonSciFiSpace/Prefabs/Signs/SM_SignBorder_Shield_01.prefab
  artifactKey: Guid(b87ce5cc1047c2c468341df495df9954) Importer(815301076,1909f56bfc062723c751e8b465ee728b)
Start importing Assets/PolygonSciFiSpace/Prefabs/Signs/SM_SignBorder_Shield_01.prefab using Guid(b87ce5cc1047c2c468341df495df9954) Importer(815301076,1909f56bfc062723c751e8b465ee728b)  -> (artifact id: 'fbcf720e6549430b703c41e764e371a8') in 0.038639 seconds 
  Import took 0.043433 seconds .

========================================================================
Received Import Request.
  Time since last request: 0.928070 seconds.
  path: Assets/PolygonSciFiSpace/Prefabs/Signs/SM_SignBorder_Toxic_01.prefab
  artifactKey: Guid(8ca9ef6b18c031a4887384ad59774ae1) Importer(815301076,1909f56bfc062723c751e8b465ee728b)
Start importing Assets/PolygonSciFiSpace/Prefabs/Signs/SM_SignBorder_Toxic_01.prefab using Guid(8ca9ef6b18c031a4887384ad59774ae1) Importer(815301076,1909f56bfc062723c751e8b465ee728b)  -> (artifact id: '811f8a5604c81255a0cc67380391b0e4') in 0.030659 seconds 
  Import took 0.035298 seconds .

========================================================================
Received Import Request.
  Time since last request: 9.698611 seconds.
  path: Assets/PolygonSciFiSpace/Prefabs/Signs/SM_SignBorder_Warning_01.prefab
  artifactKey: Guid(c275741a4afac56459d694b0a8f0424b) Importer(815301076,1909f56bfc062723c751e8b465ee728b)
Start importing Assets/PolygonSciFiSpace/Prefabs/Signs/SM_SignBorder_Warning_01.prefab using Guid(c275741a4afac56459d694b0a8f0424b) Importer(815301076,1909f56bfc062723c751e8b465ee728b)  -> (artifact id: 'fae20090ea3be19029477ac06abeb033') in 0.025550 seconds 
  Import took 0.030115 seconds .

========================================================================
Received Import Request.
  Time since last request: 23.152928 seconds.
  path: Assets/PolygonSciFiSpace/Prefabs/Props/SM_Prop_Chr_Female_Cryo_01.prefab
  artifactKey: Guid(f7966e3c057d8e246918b676e5fddd78) Importer(815301076,1909f56bfc062723c751e8b465ee728b)
Start importing Assets/PolygonSciFiSpace/Prefabs/Props/SM_Prop_Chr_Female_Cryo_01.prefab using Guid(f7966e3c057d8e246918b676e5fddd78) Importer(815301076,1909f56bfc062723c751e8b465ee728b)  -> (artifact id: 'df05f943657e8c99e3355c01888884b4') in 0.126665 seconds 
  Import took 0.132985 seconds .

========================================================================
Received Import Request.
  Time since last request: 6.722586 seconds.
  path: Assets/PolygonSciFiSpace/Prefabs/Props/SM_Prop_Detail_Lights_03.prefab
  artifactKey: Guid(0a5a1669b5861ba4bb3c686b8e49fba1) Importer(815301076,1909f56bfc062723c751e8b465ee728b)
Start importing Assets/PolygonSciFiSpace/Prefabs/Props/SM_Prop_Detail_Lights_03.prefab using Guid(0a5a1669b5861ba4bb3c686b8e49fba1) Importer(815301076,1909f56bfc062723c751e8b465ee728b)  -> (artifact id: '2d6b9eaa39255805f4e40154efb41f9c') in 0.075375 seconds 
  Import took 0.079879 seconds .

========================================================================
Received Import Request.
  Time since last request: 2.566048 seconds.
  path: Assets/PolygonSciFiSpace/Prefabs/Props/SM_Prop_Detail_Pipe_Pillar_01.prefab
  artifactKey: Guid(ce9b978936ceef746818d82687f446f0) Importer(815301076,1909f56bfc062723c751e8b465ee728b)
Start importing Assets/PolygonSciFiSpace/Prefabs/Props/SM_Prop_Detail_Pipe_Pillar_01.prefab using Guid(ce9b978936ceef746818d82687f446f0) Importer(815301076,1909f56bfc062723c751e8b465ee728b)  -> (artifact id: '6eca7b405465138f72e0899316d4704c') in 0.080937 seconds 
  Import took 0.085435 seconds .

========================================================================
Received Import Request.
  Time since last request: 1.611052 seconds.
  path: Assets/PolygonSciFiSpace/Prefabs/Props/SM_Prop_Detail_Pipe_Straight_01.prefab
  artifactKey: Guid(93daf3f4d9daec34898d398d93900507) Importer(815301076,1909f56bfc062723c751e8b465ee728b)
Start importing Assets/PolygonSciFiSpace/Prefabs/Props/SM_Prop_Detail_Pipe_Straight_01.prefab using Guid(93daf3f4d9daec34898d398d93900507) Importer(815301076,1909f56bfc062723c751e8b465ee728b)  -> (artifact id: '0099a0598088635e3f76361c8ce6612e') in 0.076768 seconds 
  Import took 0.081707 seconds .

========================================================================
Received Import Request.
  Time since last request: 0.583791 seconds.
  path: Assets/PolygonSciFiSpace/Prefabs/Props/SM_Prop_Detail_Wire_01.prefab
  artifactKey: Guid(bca820c00063bd644a6fe530da41459a) Importer(815301076,1909f56bfc062723c751e8b465ee728b)
Start importing Assets/PolygonSciFiSpace/Prefabs/Props/SM_Prop_Detail_Wire_01.prefab using Guid(bca820c00063bd644a6fe530da41459a) Importer(815301076,1909f56bfc062723c751e8b465ee728b)  -> (artifact id: '34fc78d10b75a7703b6e370d00e90e2c') in 0.078417 seconds 
  Import took 0.083178 seconds .

========================================================================
Received Import Request.
  Time since last request: 1.933489 seconds.
  path: Assets/PolygonSciFiSpace/Prefabs/Props/SM_Prop_FoodPacket_02.prefab
  artifactKey: Guid(0b66d08184993724dac7416b11f92674) Importer(815301076,1909f56bfc062723c751e8b465ee728b)
Start importing Assets/PolygonSciFiSpace/Prefabs/Props/SM_Prop_FoodPacket_02.prefab using Guid(0b66d08184993724dac7416b11f92674) Importer(815301076,1909f56bfc062723c751e8b465ee728b)  -> (artifact id: '98a1eadb8c75b562e6f299f5fb5bc2ac') in 0.063802 seconds 
  Import took 0.068941 seconds .

========================================================================
Received Import Request.
  Time since last request: 0.638400 seconds.
  path: Assets/PolygonSciFiSpace/Prefabs/Props/SM_Prop_Greeble_Cube_02.prefab
  artifactKey: Guid(53fb1d77f34c4a649beb2615688f5747) Importer(815301076,1909f56bfc062723c751e8b465ee728b)
Start importing Assets/PolygonSciFiSpace/Prefabs/Props/SM_Prop_Greeble_Cube_02.prefab using Guid(53fb1d77f34c4a649beb2615688f5747) Importer(815301076,1909f56bfc062723c751e8b465ee728b)  -> (artifact id: 'adbf113df31dadd473b73610bf7a168c') in 0.062601 seconds 
  Import took 0.067255 seconds .

========================================================================
Received Import Request.
  Time since last request: 3.908969 seconds.
  path: Assets/PolygonSciFiSpace/Prefabs/Props/SM_Prop_Greeble_Panel_05.prefab
  artifactKey: Guid(feb2a41509621674dba686a598481616) Importer(815301076,1909f56bfc062723c751e8b465ee728b)
Start importing Assets/PolygonSciFiSpace/Prefabs/Props/SM_Prop_Greeble_Panel_05.prefab using Guid(feb2a41509621674dba686a598481616) Importer(815301076,1909f56bfc062723c751e8b465ee728b)  -> (artifact id: '7eb1493c273a6dd977359d3c87fdd95e') in 0.071460 seconds 
  Import took 0.077223 seconds .

========================================================================
Received Import Request.
  Time since last request: 1.781512 seconds.
  path: Assets/PolygonSciFiSpace/Prefabs/Props/SM_Prop_Light_Panel_03.prefab
  artifactKey: Guid(b9de133cafbdb6041a397730eacd8a57) Importer(815301076,1909f56bfc062723c751e8b465ee728b)
Start importing Assets/PolygonSciFiSpace/Prefabs/Props/SM_Prop_Light_Panel_03.prefab using Guid(b9de133cafbdb6041a397730eacd8a57) Importer(815301076,1909f56bfc062723c751e8b465ee728b)  -> (artifact id: '32cc0f016f1553cb3684851893f6a753') in 0.077805 seconds 
  Import took 0.082774 seconds .

========================================================================
Received Import Request.
  Time since last request: 0.638648 seconds.
  path: Assets/PolygonSciFiSpace/Prefabs/Props/SM_Prop_Light_Small_06.prefab
  artifactKey: Guid(0cfd76e2287f15746b69cbbe7ee7bf35) Importer(815301076,1909f56bfc062723c751e8b465ee728b)
Start importing Assets/PolygonSciFiSpace/Prefabs/Props/SM_Prop_Light_Small_06.prefab using Guid(0cfd76e2287f15746b69cbbe7ee7bf35) Importer(815301076,1909f56bfc062723c751e8b465ee728b)  -> (artifact id: '9e85a8166069f89014c66073428fa5fa') in 0.073993 seconds 
  Import took 0.078840 seconds .

========================================================================
Received Import Request.
  Time since last request: 0.548628 seconds.
  path: Assets/PolygonSciFiSpace/Prefabs/Props/SM_Prop_Missile_02.prefab
  artifactKey: Guid(43ba5af90a431e440904d9f2e87e0847) Importer(815301076,1909f56bfc062723c751e8b465ee728b)
Start importing Assets/PolygonSciFiSpace/Prefabs/Props/SM_Prop_Missile_02.prefab using Guid(43ba5af90a431e440904d9f2e87e0847) Importer(815301076,1909f56bfc062723c751e8b465ee728b)  -> (artifact id: 'fcee45835a4bc62da3f7d825b8b3a198') in 0.076959 seconds 
  Import took 0.081475 seconds .

========================================================================
Received Import Request.
  Time since last request: 1.674140 seconds.
  path: Assets/PolygonSciFiSpace/Prefabs/Props/SM_Prop_Missile_06.prefab
  artifactKey: Guid(dcd1bb2cdbd2803498563c1039c0ef35) Importer(815301076,1909f56bfc062723c751e8b465ee728b)
Start importing Assets/PolygonSciFiSpace/Prefabs/Props/SM_Prop_Missile_06.prefab using Guid(dcd1bb2cdbd2803498563c1039c0ef35) Importer(815301076,1909f56bfc062723c751e8b465ee728b)  -> (artifact id: '12f11377f8ff534c318804c34211b9e2') in 0.062344 seconds 
  Import took 0.067031 seconds .

========================================================================
Received Import Request.
  Time since last request: 0.591854 seconds.
  path: Assets/PolygonSciFiSpace/Prefabs/Props/SM_Prop_Radar_Panel_01.prefab
  artifactKey: Guid(37ae90971c48cad41b75d81aca97b305) Importer(815301076,1909f56bfc062723c751e8b465ee728b)
Start importing Assets/PolygonSciFiSpace/Prefabs/Props/SM_Prop_Radar_Panel_01.prefab using Guid(37ae90971c48cad41b75d81aca97b305) Importer(815301076,1909f56bfc062723c751e8b465ee728b)  -> (artifact id: '5a2876cb1ce8d56053d830ae74797fc1') in 0.062963 seconds 
  Import took 0.067686 seconds .

========================================================================
Received Import Request.
  Time since last request: 1.784865 seconds.
  path: Assets/PolygonSciFiSpace/Prefabs/Props/SM_Prop_Screen_Small_02.prefab
  artifactKey: Guid(3ffba0a652fdfa84eab3e616969bb3f6) Importer(815301076,1909f56bfc062723c751e8b465ee728b)
Start importing Assets/PolygonSciFiSpace/Prefabs/Props/SM_Prop_Screen_Small_02.prefab using Guid(3ffba0a652fdfa84eab3e616969bb3f6) Importer(815301076,1909f56bfc062723c751e8b465ee728b)  -> (artifact id: 'a7e55cc0c47e1bdae77a4972bb972450') in 0.077410 seconds 
  Import took 0.082137 seconds .

========================================================================
Received Import Request.
  Time since last request: 0.691578 seconds.
  path: Assets/PolygonSciFiSpace/Prefabs/Props/SM_Prop_Stairs_02.prefab
  artifactKey: Guid(da30c7fab7ccb3e42b4222d0929109da) Importer(815301076,1909f56bfc062723c751e8b465ee728b)
Start importing Assets/PolygonSciFiSpace/Prefabs/Props/SM_Prop_Stairs_02.prefab using Guid(da30c7fab7ccb3e42b4222d0929109da) Importer(815301076,1909f56bfc062723c751e8b465ee728b)  -> (artifact id: '9013ec199808b55a4e85f293f70a6645') in 0.080508 seconds 
  Import took 0.085274 seconds .

========================================================================
Received Import Request.
  Time since last request: 4.102571 seconds.
  path: Assets/PolygonSciFiSpace/Prefabs/Props/SM_Prop_Turret_Base_Single_01.prefab
  artifactKey: Guid(d61d59b102c18fa4482acbb105b6a94b) Importer(815301076,1909f56bfc062723c751e8b465ee728b)
Start importing Assets/PolygonSciFiSpace/Prefabs/Props/SM_Prop_Turret_Base_Single_01.prefab using Guid(d61d59b102c18fa4482acbb105b6a94b) Importer(815301076,1909f56bfc062723c751e8b465ee728b)  -> (artifact id: 'a2d9a968941fab79e1d11e488fe09ae2') in 0.078666 seconds 
  Import took 0.083192 seconds .

========================================================================
Received Import Request.
  Time since last request: 1.339642 seconds.
  path: Assets/PolygonSciFiSpace/Prefabs/Props/SM_Prop_Turret_Base_Single_02.prefab
  artifactKey: Guid(121432c6b8493534cb89dae567754a46) Importer(815301076,1909f56bfc062723c751e8b465ee728b)
Start importing Assets/PolygonSciFiSpace/Prefabs/Props/SM_Prop_Turret_Base_Single_02.prefab using Guid(121432c6b8493534cb89dae567754a46) Importer(815301076,1909f56bfc062723c751e8b465ee728b)  -> (artifact id: '5ee5668f37fefdc8964e787726876ff5') in 0.078018 seconds 
  Import took 0.082690 seconds .

========================================================================
Received Import Request.
  Time since last request: 3.756296 seconds.
  path: Assets/PolygonSciFiSpace/Prefabs/Props/SM_Prop_Turret_Large_02.prefab
  artifactKey: Guid(df1b9670fccdbb542a725033c82d2f49) Importer(815301076,1909f56bfc062723c751e8b465ee728b)
Start importing Assets/PolygonSciFiSpace/Prefabs/Props/SM_Prop_Turret_Large_02.prefab using Guid(df1b9670fccdbb542a725033c82d2f49) Importer(815301076,1909f56bfc062723c751e8b465ee728b)  -> (artifact id: 'b9308c83298f1bad7e019b8d4dcf2fac') in 0.086355 seconds 
  Import took 0.091169 seconds .

========================================================================
Received Import Request.
  Time since last request: 16.636794 seconds.
  path: Assets/PolygonSciFiSpace/Prefabs/Props/SM_Prop_Wires_05.prefab
  artifactKey: Guid(c9509bdf20e6bcd4eb3be8161fbeb734) Importer(815301076,1909f56bfc062723c751e8b465ee728b)
Start importing Assets/PolygonSciFiSpace/Prefabs/Props/SM_Prop_Wires_05.prefab using Guid(c9509bdf20e6bcd4eb3be8161fbeb734) Importer(815301076,1909f56bfc062723c751e8b465ee728b)  -> (artifact id: 'bd7c69fc685d1e87d38946108916faa2') in 0.069687 seconds 
  Import took 0.074259 seconds .

========================================================================
Received Import Request.
  Time since last request: 130.984063 seconds.
  path: Assets/PolygonSciFiSpace/Prefabs/Environment/SM_Env_Asteroid_Rock_01.prefab
  artifactKey: Guid(04510a9b75554b4499ab7aa4628e2c4c) Importer(815301076,1909f56bfc062723c751e8b465ee728b)
Start importing Assets/PolygonSciFiSpace/Prefabs/Environment/SM_Env_Asteroid_Rock_01.prefab using Guid(04510a9b75554b4499ab7aa4628e2c4c) Importer(815301076,1909f56bfc062723c751e8b465ee728b)  -> (artifact id: 'e5c37d8f5385243d79e510edce735b07') in 0.078337 seconds 
  Import took 0.082851 seconds .

========================================================================
Received Import Request.
  Time since last request: 3.467766 seconds.
  path: Assets/PolygonSciFiSpace/Prefabs/Environment/SM_Env_Planet_07.prefab
  artifactKey: Guid(cc6421ec9dce2374fa511409c46a96d3) Importer(815301076,1909f56bfc062723c751e8b465ee728b)
Start importing Assets/PolygonSciFiSpace/Prefabs/Environment/SM_Env_Planet_07.prefab using Guid(cc6421ec9dce2374fa511409c46a96d3) Importer(815301076,1909f56bfc062723c751e8b465ee728b)  -> (artifact id: '87e6e3519bc2c82aca3ba74f6d57ebf7') in 0.039261 seconds 
  Import took 0.044086 seconds .

========================================================================
Received Import Request.
  Time since last request: 4.470618 seconds.
  path: Assets/PolygonSciFiSpace/Prefabs/Environment/SM_Env_Debris_Pipe_01.prefab
  artifactKey: Guid(91f739cfcee797a4cbaabbb8316c23f9) Importer(815301076,1909f56bfc062723c751e8b465ee728b)
Start importing Assets/PolygonSciFiSpace/Prefabs/Environment/SM_Env_Debris_Pipe_01.prefab using Guid(91f739cfcee797a4cbaabbb8316c23f9) Importer(815301076,1909f56bfc062723c751e8b465ee728b)  -> (artifact id: '14b31e669250126551dc9c810db5e9e1') in 0.079591 seconds 
  Import took 0.084393 seconds .

========================================================================
Received Import Request.
  Time since last request: 0.770877 seconds.
  path: Assets/PolygonSciFiSpace/Prefabs/Environment/SM_Env_Asteroid_05.prefab
  artifactKey: Guid(20bc67712a091434d92900911e095610) Importer(815301076,1909f56bfc062723c751e8b465ee728b)
Start importing Assets/PolygonSciFiSpace/Prefabs/Environment/SM_Env_Asteroid_05.prefab using Guid(20bc67712a091434d92900911e095610) Importer(815301076,1909f56bfc062723c751e8b465ee728b)  -> (artifact id: '0bf55925c9dcb882ac5dccd664f6acb2') in 0.031577 seconds 
  Import took 0.036305 seconds .

========================================================================
Received Import Request.
  Time since last request: 1.847826 seconds.
  path: Assets/PolygonSciFiSpace/Prefabs/Environment/SM_Env_Asteroid_02.prefab
  artifactKey: Guid(8f2dfc4f0e7adfe4780f9eb51caeef8b) Importer(815301076,1909f56bfc062723c751e8b465ee728b)
Start importing Assets/PolygonSciFiSpace/Prefabs/Environment/SM_Env_Asteroid_02.prefab using Guid(8f2dfc4f0e7adfe4780f9eb51caeef8b) Importer(815301076,1909f56bfc062723c751e8b465ee728b)  -> (artifact id: '9bb8014d23f2de89450779af466cbfe9') in 0.029666 seconds 
  Import took 0.034892 seconds .

========================================================================
Received Import Request.
  Time since last request: 0.484175 seconds.
  path: Assets/PolygonSciFiSpace/Prefabs/Environment/SM_Env_Asteroid_01.prefab
  artifactKey: Guid(28548987d12c89f4bb36b9bef96ceebe) Importer(815301076,1909f56bfc062723c751e8b465ee728b)
Start importing Assets/PolygonSciFiSpace/Prefabs/Environment/SM_Env_Asteroid_01.prefab using Guid(28548987d12c89f4bb36b9bef96ceebe) Importer(815301076,1909f56bfc062723c751e8b465ee728b)  -> (artifact id: '9b4c22887e2c54a1f15da7e4a7fbf351') in 0.028433 seconds 
  Import took 0.033012 seconds .

========================================================================
Received Import Request.
  Time since last request: 519.640812 seconds.
  path: Assets/TutorialInfo
  artifactKey: Guid(49110bb8dcada46328ad741970bce702) Importer(815301076,1909f56bfc062723c751e8b465ee728b)
Start importing Assets/TutorialInfo using Guid(49110bb8dcada46328ad741970bce702) Importer(815301076,1909f56bfc062723c751e8b465ee728b)  -> (artifact id: 'f70351a472edd03278fd2d5ff4558427') in 0.006424 seconds 
  Import took 0.012556 seconds .

========================================================================
Received Import Request.
  Time since last request: 2.649581 seconds.
  path: Assets/Tutorial Images
  artifactKey: Guid(af9c346fe7b0d474eb294b325d9adbc1) Importer(815301076,1909f56bfc062723c751e8b465ee728b)
Start importing Assets/Tutorial Images using Guid(af9c346fe7b0d474eb294b325d9adbc1) Importer(815301076,1909f56bfc062723c751e8b465ee728b)  -> (artifact id: '6781f2d9db69733918b9c0adeae65ff0') in 0.005072 seconds 
  Import took 0.009732 seconds .

========================================================================
Received Prepare
Registering precompiled user dll's ...
Registered in 0.003364 seconds.
Begin MonoManager ReloadAssembly
Native extension for LinuxStandalone target not found
Native extension for WindowsStandalone target not found
Native extension for OSXStandalone target not found
Native extension for WebGL target not found
Refreshing native plugins compatible for Editor in 0.98 ms, found 6 plugins.
Preloading 1 native plugins for Editor in 0.07 ms.
System.Reflection.TargetInvocationException: Exception has been thrown by the target of an invocation. ---> System.NullReferenceException: Object reference not set to an instance of an object
  at Unity.XR.Oculus.OculusLoader.AssetPathToAbsolutePath (System.String assetPath) [0x00048] in D:\Projects\SpaceWizards\Library\PackageCache\com.unity.xr.oculus@1.11.2\Runtime\OculusLoader.cs:250 
  at Unity.XR.Oculus.OculusLoader.EditorLoadOVRPlugin () [0x0007b] in D:\Projects\SpaceWizards\Library\PackageCache\com.unity.xr.oculus@1.11.2\Runtime\OculusLoader.cs:235 
  at (wrapper managed-to-native) System.Reflection.MonoMethod.InternalInvoke(System.Reflection.MonoMethod,object,object[],System.Exception&)
  at System.Reflection.MonoMethod.Invoke (System.Object obj, System.Reflection.BindingFlags invokeAttr, System.Reflection.Binder binder, System.Object[] parameters, System.Globalization.CultureInfo culture) [0x00032] in <695d1cc93cca45069c528c15c9fdd749>:0 
   --- End of inner exception stack trace ---
  at System.Reflection.MonoMethod.Invoke (System.Object obj, System.Reflection.BindingFlags invokeAttr, System.Reflection.Binder binder, System.Object[] parameters, System.Globalization.CultureInfo culture) [0x00048] in <695d1cc93cca45069c528c15c9fdd749>:0 
  at System.Reflection.MethodBase.Invoke (System.Object obj, System.Object[] parameters) [0x00000] in <695d1cc93cca45069c528c15c9fdd749>:0 
  at UnityEditor.EditorAssemblies.ProcessInitializeOnLoadMethodAttributes () [0x00047] in <ad50112e30b445fdbf80d5814c3cbcf6>:0 
UnityEngine.StackTraceUtility:ExtractStackTrace ()
UnityEngine.DebugLogHandler:LogFormat (UnityEngine.LogType,UnityEngine.Object,string,object[])
UnityEngine.Logger:Log (UnityEngine.LogType,object)
UnityEngine.Debug:LogError (object)
UnityEditor.EditorAssemblies:ProcessInitializeOnLoadMethodAttributes ()

Mono: successfully reloaded assembly
- Completed reload, in  0.868 seconds
Domain Reload Profiling:
	ReloadAssembly (868ms)
		BeginReloadAssembly (118ms)
			ExecutionOrderSort (0ms)
			DisableScriptedObjects (5ms)
			BackupInstance (0ms)
			ReleaseScriptingObjects (0ms)
			CreateAndSetChildDomain (37ms)
		EndReloadAssembly (709ms)
			LoadAssemblies (63ms)
			RebuildTransferFunctionScriptingTraits (0ms)
			SetupTypeCache (241ms)
			ReleaseScriptCaches (1ms)
			RebuildScriptCaches (30ms)
			SetupLoadedEditorAssemblies (266ms)
				LogAssemblyErrors (0ms)
				InitializePlatformSupportModulesInManaged (5ms)
				SetLoadedEditorAssemblies (0ms)
				RefreshPlugins (1ms)
				BeforeProcessingInitializeOnLoad (77ms)
				ProcessInitializeOnLoadAttributes (165ms)
				ProcessInitializeOnLoadMethodAttributes (14ms)
				AfterProcessingInitializeOnLoad (4ms)
				EditorAssembliesLoaded (0ms)
			ExecutionOrderSort2 (0ms)
			AwakeInstancesAfterBackupRestoration (9ms)
Platform modules already initialized, skipping
Switching build target platform(19) subTarget(0) extendedPlatform(0) -> platform(13) subTarget(524288) extendedPlatform(0)
Refreshing native plugins compatible for Editor in 0.98 ms, found 6 plugins.
Preloading 1 native plugins for Editor in 0.06 ms.
Unloading 3470 Unused Serialized files (Serialized files now loaded: 0)
System memory in use before: 155.8 MB.
System memory in use after: 156.0 MB.

Unloading 29 unused Assets to reduce memory usage. Loaded Objects now: 4131.
Total: 3.262800 ms (FindLiveObjects: 0.241600 ms CreateObjectMapping: 0.089900 ms MarkObjects: 2.907000 ms  DeleteObjects: 0.023300 ms)

AssetImportParameters requested are different than current active one (requested -> active):
  custom:framework-win-MediaFoundation: 216162199b28c13a410421893ffa2e32 -> 
  custom:video-decoder-ogg-theora: a1e56fd34408186e4bbccfd4996cb3dc -> 
  custom:container-muxer-webm: aa71ff27fc2769a1b78a27578f13a17b -> 
  custom:container-demuxer-webm: 4f35f7cbe854078d1ac9338744f61a02 -> 
  custom:container-demuxer-ogg: 62fdf1f143b41e24485cea50d1cbac27 -> 
  custom:video-encoder-webm-vp8: eb34c28f22e8b96e1ab97ce403110664 -> 
  custom:video-codec-MediaFoundation-h265: 746d11721c4dcdbdad8f713fa42b33f4 -> 
  custom:video-decoder-webm-vp8: 9c59270c3fd7afecdb556c50c9e8de78 -> 
  custom:graphics/normal-map-encoding: 01000000000000000000000000000000 -> 02000000000000000000000000000000
  custom:audio-decoder-ogg-vorbis: bf7c407c2cedff20999df2af8eb42d56 -> 
  custom:audio-encoder-webm-vorbis: bf7c407c2cedff20999df2af8eb42d56 -> 
